<?xml version="1.0" encoding="UTF-8"?>
<testng-results ignored="0" total="2" passed="2" failed="0" skipped="0">
  <reporter-output>
  </reporter-output>
  <suite started-at="2024-01-07T20:01:43 IST" name="Default suite" finished-at="2024-01-07T20:02:02 IST" duration-ms="19122">
    <groups>
    </groups>
    <test started-at="2024-01-07T20:01:43 IST" name="Default test" finished-at="2024-01-07T20:02:02 IST" duration-ms="19122">
      <class name="Selenium_pgms.Test_NG_pgm">
        <test-method signature="Amazon()[pri:0, instance:Selenium_pgms.Test_NG_pgm@1a18644]" started-at="2024-01-07T20:01:43 IST" name="Amazon" finished-at="2024-01-07T20:01:53 IST" duration-ms="10353" status="PASS">
          <reporter-output>
          </reporter-output>
        </test-method> <!-- Amazon -->
        <test-method signature="flip()[pri:0, instance:Selenium_pgms.Test_NG_pgm@1a18644]" started-at="2024-01-07T20:01:53 IST" name="flip" finished-at="2024-01-07T20:02:02 IST" duration-ms="8712" status="PASS">
          <reporter-output>
          </reporter-output>
        </test-method> <!-- flip -->
      </class> <!-- Selenium_pgms.Test_NG_pgm -->
    </test> <!-- Default test -->
  </suite> <!-- Default suite -->
</testng-results>
